<?xml version='1.0'?>
<ns2:test-suite xmlns:ns2='urn:model.allure.qatools.yandex.ru' start='1598454833520' stop='1598454833531'>
    <name>Login to Seal and get seal document ID </name>
    <title>Login to Seal and get seal document ID </title>
    <test-cases>
        <test-case start='1598454833520' status='failed' stop='1598454874291'>
            <name>check new metadata added in seal </name>
            <title>check new metadata added in seal </title>
            <labels>
                <label name='severity' value='undefined'/>
            </labels>
            <parameters>
                <parameter kind='argument' name='User Agent' value='Chrome 84.0.4147.135 / macOS 10.15.6'/>
            </parameters>
            <steps/>
            <attachments/>
            <failure>
                <message>AssertionError: expected '22' to deeply equal '2 2'</message>
                <stack-trace>AssertionError: expected '22' to deeply equal '2 2'
                
                Browser: Chrome 84.0.4147.135 / macOS 10.15.6
                
                    2 |import { t } from 'testcafe'
                    3 |
                    4 |
                    5 |export async function assertEqual(actualResult,expectedResult)
                    6 |{  
                 >  7 |await t.expect(actualResult).eql(expectedResult)
                    8 |
                    9 |}
                   10 |
                   11 |export async function assertNotEqual(actualResult,expectedResult)
                   12 |{
                
                   at Object.&lt;anonymous> (/Users/nashwa.kamal/seal-e2e-tests/SLE/test-helpers/utils/common-functions.js:7:30)
                   at Object.assertEqual (/Users/nashwa.kamal/seal-e2e-tests/SLE/test-helpers/utils/common-functions.js:9:56)
                   at &lt;anonymous> (/Users/nashwa.kamal/seal-e2e-tests/SLE/models/pages/seal-Page.js:184:30)</stack-trace>
            </failure>
        </test-case>
    </test-cases>
</ns2:test-suite>