<?xml version='1.0'?>
<ns2:test-suite xmlns:ns2='urn:model.allure.qatools.yandex.ru' start='1598973701626' stop='1598973701640'>
    <name>create metadata in seal </name>
    <title>create metadata in seal </title>
    <test-cases>
        <test-case start='1598973701626' status='failed' stop='1598973773695'>
            <name>get seal document ID and start process check new metadata added in seal </name>
            <title>get seal document ID and start process check new metadata added in seal </title>
            <labels>
                <label name='severity' value='undefined'/>
            </labels>
            <parameters>
                <parameter kind='argument' name='User Agent' value='Chrome 85.0.4183.83 / macOS 10.15.6'/>
            </parameters>
            <steps/>
            <attachments/>
            <failure>
                <message>AssertionError: expected false to deeply equal true</message>
                <stack-trace>AssertionError: expected false to deeply equal true
                
                Browser: Chrome 85.0.4183.83 / macOS 10.15.6
                
                   21 |      t.expect(true).eql(true)
                   22 |    }
                   23 |    else
                   24 |    {
                   25 |      await
                 > 26 |      t.expect(false).eql(true)
                   27 |    }  
                   28 |}
                   29 |
                   30 |export async function assertFalse(condition)
                   31 |{
                
                   at Object.&lt;anonymous> (/Users/nashwa.kamal/seal-e2e-tests/SLE/test-helpers/utils/common-functions.js:26:23)
                   at Object.assertTrue (/Users/nashwa.kamal/seal-e2e-tests/SLE/test-helpers/utils/common-functions.js:28:52)
                   at &lt;anonymous> (/Users/nashwa.kamal/seal-e2e-tests/SLE/models/pages/seal-Page.js:190:30)</stack-trace>
            </failure>
        </test-case>
    </test-cases>
</ns2:test-suite>