<?xml version='1.0'?>
<ns2:test-suite xmlns:ns2='urn:model.allure.qatools.yandex.ru' start='1623419194520' stop='1623419194535'>
    <name>Login to Zomato</name>
    <title>Login to Zomato</title>
    <test-cases>
        <test-case start='1623419194520' status='failed' stop='1623419272121'>
            <name> -----  Open Go Out For Dinner and book Restaurant -----</name>
            <title> -----  Open Go Out For Dinner and book Restaurant -----</title>
            <labels>
                <label name='severity' value='undefined'/>
            </labels>
            <parameters>
                <parameter kind='argument' name='User Agent' value='Chrome 91.0.4472.77 / macOS 10.15.7'/>
            </parameters>
            <steps/>
            <attachments>
                <attachment title='Screenshot' source='344616c7-2427-4ad7-b65f-e870bbb16281-attachment.png' type='image/png' size='859162'/>
            </attachments>
            <failure>
                <message>AssertionError: expected false to deeply equal true</message>
                <stack-trace>AssertionError: expected false to deeply equal true
                
                Browser: Chrome 91.0.4472.77 / macOS 10.15.7
                Screenshot: /Users/nashwa.kamal/zomato_online_delivery/artifacts/screenshots/zomato/2021-06-11_15-40-28/test-7/Chrome_91.0.4472.77_macOS_10.15.7/ -----  Open Go Out For Dinner and book Restaurant -----_errors/1.png
                
                    6 |}
                    7 |export async function assertNotEqual(actualResult, expectedResult) {
                    8 |    await t.expect(actualResult).notEql(expectedResult)
                    9 |}
                   10 |export async function assertTrue(condition) {
                 > 11 |   await   t.expect(condition).eql(true)
                   12 |}
                   13 |export async function assertFalse(condition) {
                   14 |    await t.expect(condition).eql(false)
                   15 |
                   16 |}
                
                   at Object.&lt;anonymous> (/Users/nashwa.kamal/zomato_online_delivery/Zomato_Online/test-helpers/utils/common-functions.js:11:32)
                   at Object.assertTrue (/Users/nashwa.kamal/zomato_online_delivery/Zomato_Online/test-helpers/utils/common-functions.js:12:54)
                   at &lt;anonymous> (/Users/nashwa.kamal/zomato_online_delivery/Zomato_Online/models/pages/resturant_page.js:111:32)</stack-trace>
            </failure>
        </test-case>
    </test-cases>
</ns2:test-suite>