<?xml version='1.0'?>
<ns2:test-suite xmlns:ns2='urn:model.allure.qatools.yandex.ru' start='1606424380492' stop='1606424380506'>
    <name>Login to DigApp</name>
    <title>Login to DigApp</title>
    <test-cases>
        <test-case start='1606424380492' status='failed' stop='1606424416367'>
            <name>SLE Workbench || Adding Suffix to an answer field in a workflow activity in Seal</name>
            <title>SLE Workbench || Adding Suffix to an answer field in a workflow activity in Seal</title>
            <labels>
                <label name='severity' value='undefined'/>
            </labels>
            <parameters>
                <parameter kind='argument' name='User Agent' value='Chrome 86.0.4240.198 / macOS 10.15.7'/>
            </parameters>
            <steps/>
            <attachments/>
            <failure>
                <message>AssertionError: expected 'Agreement' to deeply equal 'Yes + &lt;&lt;Text:ContractType>>'</message>
                <stack-trace>AssertionError: expected 'Agreement' to deeply equal 'Yes + &lt;&lt;Text:ContractType>>'
                
                Browser: Chrome 86.0.4240.198 / macOS 10.15.7
                
                   106 |    await t.typeText(field, text, { paste: true })
                   107 |
                   108 |}
                   109 |
                   110 |export async function assertEqual(actualResult, expectedResult) {
                 > 111 |    await t.expect(actualResult).eql(expectedResult)
                   112 |
                   113 |}
                   114 |
                   115 |export async function assertNotEqual(actualResult, expectedResult) {
                   116 |    await t.expect(actualResult).notEql(expectedResult)
                
                   at Object.&lt;anonymous> (/Users/nashwa.kamal/seal-e2e-tests/SIE-DS/test-helpers/utils/common-functions.js:111:34)
                   at Object.assertEqual (/Users/nashwa.kamal/seal-e2e-tests/SIE-DS/test-helpers/utils/common-functions.js:113:63)
                   at &lt;anonymous> (/Users/nashwa.kamal/seal-e2e-tests/SEAL-Main/models/pages/Seal-ContractView.js:266:44)</stack-trace>
            </failure>
        </test-case>
    </test-cases>
</ns2:test-suite>