<?xml version='1.0'?>
<ns2:test-suite xmlns:ns2='urn:model.allure.qatools.yandex.ru' start='1601563472649' stop='1601563472661'>
    <name>Login to DigApp</name>
    <title>Login to DigApp</title>
    <test-cases>
        <test-case start='1601563472649' status='failed' stop='1601563535434'>
            <name>Regression - Digapp - Check update email settings from UI</name>
            <title>Regression - Digapp - Check update email settings from UI</title>
            <labels>
                <label name='severity' value='undefined'/>
            </labels>
            <parameters>
                <parameter kind='argument' name='User Agent' value='Chrome 85.0.4183.121 / macOS 10.15.6'/>
            </parameters>
            <steps/>
            <attachments/>
            <failure>
                <message>AssertionError: expected '' to deeply equal 'nashwa.kamal@docusign.com'</message>
                <stack-trace>AssertionError: expected '' to deeply equal 'nashwa.kamal@docusign.com'
                
                Browser: Chrome 85.0.4183.121 / macOS 10.15.6
                
                    2 |import { t } from 'testcafe'
                    3 |
                    4 |
                    5 |export async function assertEqual(actualResult,expectedResult)
                    6 |{  
                 >  7 |await t.expect(actualResult).eql(expectedResult)
                    8 |
                    9 |}
                   10 |
                   11 |export async function assertNotEqual(actualResult,expectedResult)
                   12 |{
                
                   at Object.&lt;anonymous> (/Users/nashwa.kamal/seal-e2e-tests/SLE-Workbench/test-helpers/utils/common-functions.js:7:30)
                   at Object.assertEqual (/Users/nashwa.kamal/seal-e2e-tests/SLE-Workbench/test-helpers/utils/common-functions.js:9:56)
                   at &lt;anonymous> (/Users/nashwa.kamal/seal-e2e-tests/SLE-Workbench/models/pages/digapp-activities-page.js:236:36)</stack-trace>
            </failure>
        </test-case>
    </test-cases>
</ns2:test-suite>