<?xml version='1.0'?>
<ns2:test-suite xmlns:ns2='urn:model.allure.qatools.yandex.ru' start='1602591072758' stop='1602591072770'>
    <name>Login to DigApp</name>
    <title>Login to DigApp</title>
    <test-cases>
        <test-case start='1602591072758' status='failed' stop='1602591102159'>
            <name>SLE Workbench Reg || Migrate the workbench page into new LogicApps UI</name>
            <title>SLE Workbench Reg || Migrate the workbench page into new LogicApps UI</title>
            <labels>
                <label name='severity' value='undefined'/>
            </labels>
            <parameters>
                <parameter kind='argument' name='User Agent' value='Chrome 86.0.4240.75 / macOS 10.15.6'/>
            </parameters>
            <steps/>
            <attachments/>
            <failure>
                <message>AssertionError: expected 'success' to deeply equal 'Failed'</message>
                <stack-trace>AssertionError: expected 'success' to deeply equal 'Failed'
                
                Browser: Chrome 86.0.4240.75 / macOS 10.15.6
                
                    2 |import { t } from 'testcafe'
                    3 |
                    4 |
                    5 |export async function assertEqual(actualResult,expectedResult)
                    6 |{  
                 >  7 |await t.expect(actualResult).eql(expectedResult)
                    8 |
                    9 |}
                   10 |
                   11 |export async function assertNotEqual(actualResult,expectedResult)
                   12 |{
                
                   at Object.&lt;anonymous> (/Users/nashwa.kamal/seal-e2e-tests/SLE-Workbench/test-helpers/utils/common-functions.js:7:30)
                   at Object.assertEqual (/Users/nashwa.kamal/seal-e2e-tests/SLE-Workbench/test-helpers/utils/common-functions.js:9:56)
                   at &lt;anonymous> (/Users/nashwa.kamal/seal-e2e-tests/SLE-Workbench/models/pages/contracts-page.js:78:40)</stack-trace>
            </failure>
        </test-case>
    </test-cases>
</ns2:test-suite>