<?xml version='1.0'?>
<ns2:test-suite xmlns:ns2='urn:model.allure.qatools.yandex.ru' start='1603873388387' stop='1603873388401'>
    <name>DSCLM</name>
    <title>DSCLM</title>
    <test-cases>
        <test-case start='1603873388387' status='failed' stop='1603873427831'>
            <name>Upload Documents with Size more than 1MB </name>
            <title>Upload Documents with Size more than 1MB </title>
            <labels>
                <label name='severity' value='undefined'/>
            </labels>
            <parameters>
                <parameter kind='argument' name='User Agent' value='Chrome 86.0.4240.111 / macOS 10.15.7'/>
            </parameters>
            <steps/>
            <attachments/>
            <failure>
                <message>AssertionError: expected '14june2015_case (1).docx' to deeply equal 'Omnibus Equity Compensation Plan  Apache Corp.docx'</message>
                <stack-trace>AssertionError: expected '14june2015_case (1).docx' to deeply equal 'Omnibus Equity Compensation Plan  Apache Corp.docx'
                
                Browser: Chrome 86.0.4240.111 / macOS 10.15.7
                
                   37 |    });
                   38 |  });
                   39 |}
                   40 |
                   41 |export async function assertEqual(actualResult, expectedResult) {
                 > 42 |  await t.expect(actualResult).eql(expectedResult)
                   43 |
                   44 |}
                   45 |
                   46 |export async function assertNotEqual(actualResult, expectedResult) {
                   47 |  await t.expect(actualResult).notEql(expectedResult)
                
                   at Object.&lt;anonymous> (/Users/nashwa.kamal/seal-e2e-tests/SIE-DSCLM/test-helpers/utils/common-functions.js:42:32)
                   at Object.assertEqual (/Users/nashwa.kamal/seal-e2e-tests/SIE-DSCLM/test-helpers/utils/common-functions.js:44:58)
                   at &lt;anonymous> (/Users/nashwa.kamal/seal-e2e-tests/SIE-DSCLM/models/pages/dsclm-Documents-Page.js:168:32)</stack-trace>
            </failure>
        </test-case>
    </test-cases>
</ns2:test-suite>