<?xml version='1.0'?>
<ns2:test-suite xmlns:ns2='urn:model.allure.qatools.yandex.ru' start='1603798150244' stop='1603798150257'>
    <name>Login to Seal and get seal document ID </name>
    <title>Login to Seal and get seal document ID </title>
    <test-cases>
        <test-case start='1603798150244' status='failed' stop='1603798212535'>
            <name>get seal document ID and start process check new metadata added in seal when new field is empty</name>
            <title>get seal document ID and start process check new metadata added in seal when new field is empty</title>
            <labels>
                <label name='severity' value='undefined'/>
            </labels>
            <parameters>
                <parameter kind='argument' name='User Agent' value='Chrome 86.0.4240.111 / macOS 10.15.7'/>
            </parameters>
            <steps/>
            <attachments/>
            <failure>
                <message>AssertionError: expected false to deeply equal true</message>
                <stack-trace>AssertionError: expected false to deeply equal true
                
                Browser: Chrome 86.0.4240.111 / macOS 10.15.7
                
                   119 |export async function assertTrue(condition) {
                   120 |    if (condition) {
                   121 |        await t.expect(true).eql(true)
                   122 |    }
                   123 |    else {
                 > 124 |        await t.expect(false).eql(true)
                   125 |    }
                   126 |}
                   127 |
                   128 |export async function assertFalse(condition) {
                   129 |    if (!condition) {
                
                   at Object.&lt;anonymous> (/Users/nashwa.kamal/seal-e2e-tests/SIE-DS/test-helpers/utils/common-functions.js:124:31)
                   at Object.assertTrue (/Users/nashwa.kamal/seal-e2e-tests/SIE-DS/test-helpers/utils/common-functions.js:126:56)
                   at &lt;anonymous> (/Users/nashwa.kamal/seal-e2e-tests/SEAL-Main/models/pages/Seal-ContractView.js:280:30)</stack-trace>
            </failure>
        </test-case>
    </test-cases>
</ns2:test-suite>